Generated: JR5LJ596:D
Generated: PL2DN408:C
Generated: XT4CE349:C
Generated: SX5CG631:D
Generated: UA3YR145:C
Generated: LV2NS093:C
Generated: GF5UY632:A
Generated: XU6TO820:C
Generated: HX5YI041:D
Generated: OI6BP585:B
Generated: FZ6ZW471:C
Generated: GY5QF231:A
Generated: BO3YE527:C
Generated: YA0ZF196:D
Generated: DU5SA152:A
Generated: ZP4JQ449:C
Generated: LL8UL869:D
Generated: FS1WY794:D
Generated: MP5BO279:D
Generated: DT8RG130:B
Generated: NQ8SX888:A
Generated: FB6NO563:D
Generated: VK4YN760:A
Generated: ZW2UL184:C
Generated: DG6BN600:C
Generated: BL1XI572:A
Generated: HC2DD852:C
Generated: QA2FD615:B
Generated: ZB0ZC107:B
Generated: RV7JC727:C
Generated: CI2KB548:C
Generated: UV3GX048:B
Generated: TP2CI978:D
Generated: OA4MC997:C
Generated: IP8KK988:A
Generated: GK1XF489:A
Generated: FC0ZS294:B
Generated: MR6AZ926:B
Generated: OG5EM970:A
Generated: ZE1ML962:D
Generated: XM2GA789:D
Generated: TX7TN322:B
Generated: ON9WN961:D
Generated: JT1XQ790:C
Generated: GC3TY665:A
Generated: VD4NT528:C
Generated: CG1XP120:B
Generated: CJ4YQ499:A
Generated: TC9FZ732:A
Generated: FH0NJ650:A
Generated: CO2XS450:C
Generated: QP7ML766:D
Generated: XC3JH084:B
Generated: AT1CX619:A
Generated: XO1PG225:D
Generated: CV8JU025:D
Generated: JV9WW186:A
Generated: GX9KU691:A
Generated: AG9BK235:A
Generated: PZ6UI941:D
Generated: NZ8FH777:A
Generated: DD9PF578:D
Generated: XC8WT084:A
Generated: XI7VX012:D
Generated: QB7KE660:D
Generated: DR7DQ332:D
Generated: PM9UM995:A
Generated: SC6LU625:A
Generated: OX0LC999:A
Generated: UD4TU982:B
Generated: FW0ZQ809:C
Generated: AA1GQ292:B
Generated: CR8MN575:A
Generated: WR8TZ236:A
Generated: LA0RC213:A
Generated: TW8IY957:B
Generated: EW2YS777:A
Generated: TQ9UD704:A
Generated: YD7SX175:B
Generated: EK4HR279:C
Generated: BC7HW908:A
Generated: AO9QM410:D
Generated: MV5JA583:C
Generated: WD2VE081:A
Generated: ME8UG036:C
Generated: GN5NB448:A
Generated: AC8QZ142:D
Generated: JC6RQ865:A
Generated: GK0JS982:C
Generated: WG3BG191:A
Generated: EX6BG910:B
Generated: CU6AC979:D
Generated: CF3NE083:C
Generated: FU1CA941:D
Generated: PO5DS333:C
Generated: OO9US991:D
Generated: VN8UT239:C
Generated: KR9OH354:C
Generated: PR5RG720:D
Generated: BF7CB843:B
Generated: MM0QZ675:D
Generated: XE9PV004:C
Generated: DV4WY417:B
Generated: OL0XY060:B
Generated: GQ0PN384:C
Generated: AG1XL897:C
Generated: BH7IV126:D
Generated: FC5UI335:C
Generated: IN0OQ439:D
Generated: BK7SO616:D
Generated: ML7PQ256:C
Generated: UL8VV350:D
Generated: KV0JZ185:B
Generated: GA3TP450:A
Generated: NR7JO891:C
Generated: PI8QU550:A
Generated: GU1XB062:D
Generated: PX3JK900:D
Generated: NZ8FQ459:D
Generated: IO5HU327:C
Generated: QF3ZW490:B
Generated: YA5XN678:D
Generated: TB2EK837:A
Generated: FR9RK449:B
Generated: HA3AA591:B
Generated: BC5IY924:B
Generated: AY6AD558:B
Generated: SV1RE308:C
Generated: FR1CU485:A
Generated: PD4WG444:D
Generated: PA4TU967:B
Generated: XJ3RO017:C
Generated: FP1BE916:B
Generated: UY5TP596:B
Generated: IQ4DO363:A
Generated: YS5PX280:A
Generated: HA6MU867:D
Generated: LH8RP073:A
Generated: NZ0FA669:C
Generated: QZ0WH461:A
Generated: OV6NH556:A
Generated: SL9GY341:D
Generated: RV6FN517:A
Generated: KR8UH947:C
Generated: DQ2CK879:C
Generated: OV0JO939:B
Generated: DP4VZ059:D
Generated: XS0RX723:B
Generated: YX2IN041:A
Generated: KS8LV393:A
Generated: BG5RF137:B
Generated: EN0UN189:D
Generated: GW8ZI673:C
Generated: SQ7WU957:D
Generated: RO6IV969:C
Generated: UR3ZA975:D
Generated: ZO2TG764:B
Generated: EZ0FS292:D
Generated: UF8YZ898:A
Generated: ZB1EA756:D
Generated: YE7LI875:B
Generated: XW3HS490:B
Generated: ZS3RR885:B
Generated: RE7EC173:A
Generated: OY9ZW607:C
Generated: FM5YM963:C
Generated: GQ9BJ440:A
Generated: KL6OZ016:C
Generated: ZP3KU296:C
Generated: II5WR130:B
Generated: BJ5YV485:C
Generated: UU2DW188:D
Generated: ST4GD029:D
Generated: JK4EO134:A
Generated: KW1IS789:D
Generated: UQ3DI239:D
Generated: WR0ZC555:D
Generated: EU5IG936:B
Generated: HV3OR306:B
Generated: KG4WC749:C
Generated: HB9UF976:C
Generated: SN8KW539:A
Generated: EP1TZ307:D
Generated: ZK0ZR746:D
Generated: OJ7AE662:D
Generated: AP0OV178:C
Generated: WQ6RQ065:B
Generated: TC3CQ718:D
Generated: QU5BU219:D
Generated: KO7YL086:A
Generated: IW7YS914:D
Generated: WA9RQ661:C
Generated: ES5BC690:B
Generated: TN3RV829:C
Generated: YB2FX035:C
Generated: FT1VA553:B
Generated: RQ6WL936:A
Generated: LJ4JH748:A
Generated: EX5TC984:B
Generated: CB6FU174:C
Generated: EV3XH454:D
Generated: EA9UH300:B
Generated: HC3KG624:C
Generated: PZ6AG673:B
Generated: PQ5WU430:B
Generated: QS1QZ117:A
Generated: UE2ST571:B
Generated: RK2KZ495:A
Generated: JT1EL195:D
Generated: DV4LR637:A
Generated: AQ7CH843:D
Generated: FR7XC801:D
Generated: KK3PN054:B
Generated: CF4UI192:C
Generated: DS4DZ987:B
Generated: WF4BR786:C
Generated: QO7NS862:C
Generated: RT2XZ114:C
Generated: QG7OE929:A
Generated: JS1QK710:D
Generated: JU1EL442:D
Generated: JI1KA550:D
Generated: OJ9LU726:B
Generated: LH9WR999:C
Generated: PH9JT767:D
Generated: KO0TD520:B
Generated: VI8RT525:A
Generated: CO3ED976:C
Generated: MT9KD364:C
Generated: ZL4SG003:B
Generated: OO2UQ880:A
Generated: NM8TY562:C
Generated: FK1KJ026:A
Generated: LC6KQ631:A
Generated: HN6RA665:D
Generated: HB5GG830:B
Generated: LX9ZK850:A
Generated: TZ7PH686:C
Generated: OQ9TA278:D
Generated: NL9AW405:A
Generated: KP3WI046:D
Generated: EI8TW082:A
Generated: ND6ES916:D
Generated: UM3KY653:C
Generated: QP8LV456:D
Generated: AR9SG072:A
Generated: EX6OR376:D
Generated: RF4XV161:D
Generated: WS9NU607:A
Generated: II0QM676:D
Generated: KX5ZQ986:A
Generated: JW1IU044:C
Generated: AE5NP119:A
Generated: DC0RM444:C
Generated: DY8UJ290:B
Generated: RO3KO971:C
Generated: FP0JS831:B
Generated: VS5SV141:A
Generated: NP6SG296:D
Generated: AI4NP912:C
Generated: DR7ON573:D
Generated: ML4TA732:C
Generated: EZ2JC077:D
Generated: PW1FB922:C
Generated: EH1VU079:B
Generated: HE1RK533:D
Generated: CN0DC855:D
Generated: YT9GX152:D
Generated: BC4EJ866:B
Generated: BT4CX561:D
Generated: EG2TG256:B
Generated: OL6XO675:D
Generated: XX1MY412:C
Generated: US3YY187:D
Generated: OS9SI243:C
Generated: UC9HC284:A
Generated: EL2KI290:C
Generated: IQ6DH063:D
Generated: MT6ZN948:D
Generated: JQ3LU149:D
Generated: OA7LJ950:A
Generated: JD7CR674:B
Generated: MX5VG301:C
Generated: DL5YA775:A
Generated: VO1XZ018:B
Generated: XL6JX942:D
Generated: SK2QQ216:C
Generated: AS5PN744:A
Generated: EL4FL356:C
Generated: QO0PI508:B
Generated: ST9AU313:C
Generated: KF3YJ254:D
Generated: UQ9VI294:A
Generated: UM5TE696:A
Generated: OF3LP487:D
Generated: OE6WB630:A
Generated: PL8QI495:C
Generated: HK2WZ116:C
Generated: AG0PU438:B
Generated: TQ9AH147:B
Generated: ZM4XW302:A
Generated: NP2OR649:C
Generated: YC1WW712:C
Generated: YE8PF685:A
Generated: PJ4VY092:B
Generated: LQ0FP501:B
Generated: XE3ID108:D
Generated: QE6NT394:B
Generated: JD4JQ450:D
Generated: YQ6HQ986:A
Generated: AU4TK199:C
Generated: ED5LM013:D
Generated: UL5XL985:D
Generated: JH1LJ998:C
Generated: EX7ZD869:D
Generated: WY6BU702:D
Generated: AI6LT196:B
Generated: CJ5UO567:A
Generated: GX1PV469:C
Generated: LD8OD201:D
Generated: WO9PQ789:B
Generated: JZ2KH973:C
Generated: RR5EC987:C
Generated: ZH5GF762:C
Generated: RH1EQ822:B
Generated: FC4BV533:C
Generated: WO9YN841:C
Generated: DR2FI562:A
Generated: KU6IB825:C
Generated: SA7KW192:C
Generated: VQ0XW927:A
Generated: BW8ZG386:C
Generated: AV7AP909:B
Generated: TA8YV603:C
Generated: RR6VU068:C
Generated: DU7TW619:D
Generated: KD4EW262:B
Generated: CU2JO193:A
Generated: TX8DA686:C
Generated: AJ3LV259:D
Generated: LV5VY013:A
Generated: VY1NR316:D
Generated: FZ1JB053:A
Generated: TO3YC107:B
Generated: YY8KV238:B
Generated: EJ5EQ090:A
Generated: GP5IK591:D
Generated: IL2FL137:A
Generated: RG5ON629:B
Generated: YQ7SW458:C
Generated: ZS1AA490:D
Generated: CT0AN379:A
Generated: CJ5LK568:A
Generated: YG6IF665:D
Generated: QK1OO661:D
Generated: JY1ZA643:A
Generated: EL7CJ388:A
Generated: DC7AS616:A
Generated: HR7XC802:C
Generated: SI6FO920:B
Generated: TZ3XE168:D
Generated: IN8XU185:D
Generated: CH7HA693:C
Generated: GD7XY689:C
Generated: ZH4JS393:D
Generated: KN7XS673:A
Generated: LA5ZI266:A
Generated: OQ5AS567:B
Generated: ZC0BO307:D
Generated: AA8FL209:B
Generated: FT3TK954:D
Generated: WH2JI093:C
Generate