=== Traffic Junction Simulator Started ===
Waiting for vehicles from traffic generator...

Warning: Failed to load font: Couldn't open /usr/share/fonts/TTF/DejaVuSans.ttf: No such file or directory
Traffic processing thread started
File reading thread started
Monitoring file: vehicles.data
+ Vehicle JR5LJ596 added to Road D queue
+ Vehicle PL2DN408 added to Road C queue
+ Vehicle XT4CE349 added to Road C queue
+ Vehicle SX5CG631 added to Road D queue
+ Vehicle UA3YR145 added to Road C queue
+ Vehicle LV2NS093 added to Road C queue
+ Vehicle GF5UY632 added to Road A queue
+ Vehicle XU6TO820 added to Road C queue
+ Vehicle HX5YI041 added to Road D queue
+ Vehicle OI6BP585 added to Road B queue
+ Vehicle FZ6ZW471 added to Road C queue
+ Vehicle GY5QF231 added to Road A queue
+ Vehicle BO3YE527 added to Road C queue
+ Vehicle YA0ZF196 added to Road D queue
+ Vehicle DU5SA152 added to Road A queue
+ Vehicle ZP4JQ449 added to Road C queue
+ Vehicle LL8UL869 added to Road D queue
+ Vehicle FS1WY794 added to Road D queue
+ Vehicle MP5BO279 added to Road D queue
+ Vehicle DT8RG130 added to Road B queue
+ Vehicle NQ8SX888 added to Road A queue
+ Vehicle FB6NO563 added to Road D queue
+ Vehicle VK4YN760 added to Road A queue
+ Vehicle ZW2UL184 added to Road C queue
+ Vehicle DG6BN600 added to Road C queue
+ Vehicle BL1XI572 added to Road A queue
+ Vehicle HC2DD852 added to Road C queue
+ Vehicle QA2FD615 added to Road B queue
+ Vehicle ZB0ZC107 added to Road B queue
+ Vehicle RV7JC727 added to Road C queue
+ Vehicle CI2KB548 added to Road C queue
+ Vehicle UV3GX048 added to Road B queue
+ Vehicle TP2CI978 added to Road D queue
+ Vehicle OA4MC997 added to Road C queue
+ Vehicle IP8KK988 added to Road A queue
+ Vehicle GK1XF489 added to Road A queue
+ Vehicle FC0ZS294 added to Road B queue
+ Vehicle MR6AZ926 added to Road B queue
+ Vehicle OG5EM970 added to Road A queue
+ Vehicle ZE1ML962 added to Road D queue
+ Vehicle XM2GA789 added to Road D queue
+ Vehicle TX7TN322 added to Road B queue
+ Vehicle ON9WN961 added to Road D queue
+ Vehicle JT1XQ790 added to Road C queue
+ Vehicle GC3TY665 added to Road A queue
+ Vehicle VD4NT528 added to Road C queue
+ Vehicle CG1XP120 added to Road B queue
+ Vehicle CJ4YQ499 added to Road A queue
+ Vehicle TC9FZ732 added to Road A queue
+ Vehicle FH0NJ650 added to Road A queue
+ Vehicle CO2XS450 added to Road C queue
+ Vehicle QP7ML766 added to Road D queue
+ Vehicle XC3JH084 added to Road B queue
+ Vehicle AT1CX619 added to Road A queue
+ Vehicle XO1PG225 added to Road D queue
+ Vehicle CV8JU025 added to Road D queue
+ Vehicle JV9WW186 added to Road A queue
+ Vehicle GX9KU691 added to Road A queue
+ Vehicle AG9BK235 added to Road A queue
+ Vehicle PZ6UI941 added to Road D queue
+ Vehicle NZ8FH777 added to Road A queue
+ Vehicle DD9PF578 added to Road D queue
+ Vehicle XC8WT084 added to Road A queue
+ Vehicle XI7VX012 added to Road D queue
+ Vehicle QB7KE660 added to Road D queue
+ Vehicle DR7DQ332 added to Road D queue
+ Vehicle PM9UM995 added to Road A queue
+ Vehicle SC6LU625 added to Road A queue
+ Vehicle OX0LC999 added to Road A queue
+ Vehicle UD4TU982 added to Road B queue
+ Vehicle FW0ZQ809 added to Road C queue
+ Vehicle AA1GQ292 added to Road B queue
+ Vehicle CR8MN575 added to Road A queue
+ Vehicle WR8TZ236 added to Road A queue
+ Vehicle LA0RC213 added to Road A queue
+ Vehicle TW8IY957 added to Road B queue
+ Vehicle EW2YS777 added to Road A queue
+ Vehicle TQ9UD704 added to Road A queue
+ Vehicle YD7SX175 added to Road B queue
+ Vehicle EK4HR279 added to Road C queue
+ Vehicle BC7HW908 added to Road A queue
+ Vehicle AO9QM410 added to Road D queue
+ Vehicle MV5JA583 added to Road C queue
+ Vehicle WD2VE081 added to Road A queue
+ Vehicle ME8UG036 added to Road C queue
+ Vehicle GN5NB448 added to Road A queue
+ Vehicle AC8QZ142 added to Road D queue
+ Vehicle JC6RQ865 added to Road A queue
+ Vehicle GK0JS982 added to Road C queue
+ Vehicle WG3BG191 added to Road A queue
+ Vehicle EX6BG910 added to Road B queue
+ Vehicle CU6AC979 added to Road D queue
+ Vehicle CF3NE083 added to Road C queue
+ Vehicle FU1CA941 added to Road D queue
+ Vehicle PO5DS333 added to Road C queue
+ Vehicle OO9US991 added to Road D queue
+ Vehicle VN8UT239 added to Road C queue
+ Vehicle KR9OH354 added to Road C queue
+ Vehicle PR5RG720 added to Road D queue
+ Vehicle BF7CB843 added to Road B queue
+ Vehicle MM0QZ675 added to Road D queue
+ Vehicle XE9PV004 added to Road C queue
+ Vehicle DV4WY417 added to Road B queue
+ Vehicle OL0XY060 added to Road B queue
+ Vehicle GQ0PN384 added to Road C queue
+ Vehicle AG1XL897 added to Road C queue
+ Vehicle BH7IV126 added to Road D queue
+ Vehicle FC5UI335 added to Road C queue
+ Vehicle IN0OQ439 added to Road D queue
+ Vehicle BK7SO616 added to Road D queue
+ Vehicle ML7PQ256 added to Road C queue
+ Vehicle UL8VV350 added to Road D queue
+ Vehicle KV0JZ185 added to Road B queue
+ Vehicle GA3TP450 added to Road A queue
+ Vehicle NR7JO891 added to Road C queue
+ Vehicle PI8QU550 added to Road A queue
+ Vehicle GU1XB062 added to Road D queue
+ Vehicle PX3JK900 added to Road D queue
+ Vehicle NZ8FQ459 added to Road D queue
+ Vehicle IO5HU327 added to Road C queue
+ Vehicle QF3ZW490 added to Road B queue
+ Vehicle YA5XN678 added to Road D queue
+ Vehicle TB2EK837 added to Road A queue
+ Vehicle FR9RK449 added to Road B queue
+ Vehicle HA3AA591 added to Road B queue
+ Vehicle BC5IY924 added to Road B queue
+ Vehicle AY6AD558 added to Road B queue
+ Vehicle SV1RE308 added to Road C queue
+ Vehicle FR1CU485 added to Road A queue
+ Vehicle PD4WG444 added to Road D queue
+ Vehicle PA4TU967 added to Road B queue
+ Vehicle XJ3RO017 added to Road C queue
+ Vehicle FP1BE916 added to Road B queue
+ Vehicle UY5TP596 added to Road B queue
+ Vehicle IQ4DO363 added to Road A queue
+ Vehicle YS5PX280 added to Road A queue
+ Vehicle HA6MU867 added to Road D queue
+ Vehicle LH8RP073 added to Road A queue
+ Vehicle NZ0FA669 added to Road C queue
+ Vehicle QZ0WH461 added to Road A queue
+ Vehicle OV6NH556 added to Road A queue
+ Vehicle SL9GY341 added to Road D queue
+ Vehicle RV6FN517 added to Road A queue
+ Vehicle KR8UH947 added to Road C queue
+ Vehicle DQ2CK879 added to Road C queue
+ Vehicle OV0JO939 added to Road B queue
+ Vehicle DP4VZ059 added to Road D queue
+ Vehicle XS0RX723 added to Road B queue
+ Vehicle YX2IN041 added to Road A queue
+ Vehicle KS8LV393 added to Road A queue
+ Vehicle BG5RF137 added to Road B queue
+ Vehicle EN0UN189 added to Road D queue
+ Vehicle GW8ZI673 added to Road C queue
+ Vehicle SQ7WU957 added to Road D queue
+ Vehicle RO6IV969 added to Road C queue
+ Vehicle UR3ZA975 added to Road D queue
+ Vehicle ZO2TG764 added to Road B queue
+ Vehicle EZ0FS292 added to Road D queue
+ Vehicle UF8YZ898 added to Road A queue
+ Vehicle ZB1EA756 added to Road D queue
+ Vehicle YE7LI875 added to Road B queue
+ Vehicle XW3HS490 added to Road B queue
+ Vehicle ZS3RR885 added to Road B queue
+ Vehicle RE7EC173 added to Road A queue
+ Vehicle OY9ZW607 added to Road C queue
>>> PRIORITY MODE ACTIVATED: AL2 has 46 vehicles

>>> PRIORITY MODE: Serving Road A (AL2) - 46 vehicles waiting
+ Vehicle FM5YM963 added to Road C queue
+ Vehicle GQ9BJ440 added to Road A queue
  ✓ Served: GF5UY632 from Road A (Priority)
  ✓ Served: GY5QF231 from Road A (Priority)
  ✓ Served: DU5SA152 from Road A (Priority)
  ✓ Served: NQ8SX888 from Road A (Priority)
  ✓ Served: VK4YN760 from Road A (Priority)
  ✓ Served: BL1XI572 from Road A (Priority)
  ✓ Served: IP8KK988 from Road A (Priority)
  ✓ Served: GK1XF489 from Road A (Priority)
  ✓ Served: OG5EM970 from Road A (Priority)
  ✓ Served: GC3TY665 from Road A (Priority)
  ✓ Served: CJ4YQ499 from Road A (Priority)
  ✓ Served: TC9FZ732 from Road A (Priority)
  ✓ Served: FH0NJ650 from Road A (Priority)
  ✓ Served: AT1CX619 from Road A (Priority)
  ✓ Served: JV9WW186 from Road A (Priority)
  ✓ Served: GX9KU691 from Road A (Priority)
  ✓ Served: AG9BK235 from Road A (Priority)
  ✓ Served: NZ8FH777 from Road A (Priority)
  ✓ Served: XC8WT084 from Road A (Priority)
  ✓ Served: PM9UM995 from Road A (Priority)
  ✓ Served: SC6LU625 from Road A (Priority)
  ✓ Served: OX0LC999 from Road A (Priority)
  ✓ Served: CR8MN575 from Road A (Priority)
  ✓ Served: WR8TZ236 from Road A (Priority)
  ✓ Served: LA0RC213 from Road A (Priority)
  ✓ Served: EW2YS777 from Road A (Priority)
  ✓ Served: TQ9UD704 from Road A (Priority)
  ✓ Served: BC7HW908 from Road A (Priority)
  ✓ Served: WD2VE081 from Road A (Priority)
  ✓ Served: GN5NB448 from Road A (Priority)
  ✓ Served: JC6RQ865 from Road A (Priority)
  ✓ Served: WG3BG191 from Road A (Priority)
  ✓ Served: GA3TP450 from Road A (Priority)
  ✓ Served: PI8QU550 from Road A (Priority)
  ✓ Served: TB2EK837 from Road A (Priority)
  ✓ Served: FR1CU485 from Road A (Priority)
  ✓ Served: IQ4DO363 from Road A (Priority)
  ✓ Served: YS5PX280 from Road A (Priority)
  ✓ Served: LH8RP073 from Road A (Priority)
  ✓ Served: QZ0WH461 from Road A (Priority)
  ✓ Served: OV6NH556 from Road A (Priority)
  ✓ Served: RV6FN517 from Road A (Priority)
+ Vehicle KL6OZ016 added to Road C queue
+ Vehicle ZP3KU296 added to Road C queue

Shutting down simulator...
Simulator stopped.
